# Logfile created on 2014-08-30 20:25:17 -0400 by logger.rb/44203
I, [2014-08-30T20:25:17.977564 #1804]  INFO -- : 0:  rake (10.3.2) from /Users/ngiovacchini/.rvm/gems/ruby-2.1.0/specifications/rake-10.3.2.gemspec
I, [2014-08-30T20:25:17.981650 #1804]  INFO -- : 0:  i18n (0.6.9) from /Users/ngiovacchini/.rvm/gems/ruby-2.1.0/specifications/i18n-0.6.9.gemspec
I, [2014-08-30T20:25:17.982248 #1804]  INFO -- : 0:  json (1.8.1) from /Users/ngiovacchini/.rvm/rubies/ruby-2.1.0/lib/ruby/gems/2.1.0/specifications/default/json-1.8.1.gemspec
I, [2014-08-30T20:25:17.982814 #1804]  INFO -- : 0:  minitest (5.3.4) from /Users/ngiovacchini/.rvm/gems/ruby-2.1.0/specifications/minitest-5.3.4.gemspec
I, [2014-08-30T20:25:17.983365 #1804]  INFO -- : 0:  thread_safe (0.3.3) from /Users/ngiovacchini/.rvm/gems/ruby-2.1.0@global/specifications/thread_safe-0.3.3.gemspec
I, [2014-08-30T20:25:17.983927 #1804]  INFO -- : 0:  tzinfo (1.1.0) from /Users/ngiovacchini/.rvm/gems/ruby-2.1.0/specifications/tzinfo-1.1.0.gemspec
I, [2014-08-30T20:25:17.985197 #1804]  INFO -- : 0:  activesupport (4.1.1) from /Users/ngiovacchini/.rvm/gems/ruby-2.1.0/specifications/activesupport-4.1.1.gemspec
I, [2014-08-30T20:25:17.985641 #1804]  INFO -- : 0:  builder (3.2.2) from /Users/ngiovacchini/.rvm/gems/ruby-2.1.0/specifications/builder-3.2.2.gemspec
I, [2014-08-30T20:25:17.986037 #1804]  INFO -- : 0:  activemodel (4.1.1) from /Users/ngiovacchini/.rvm/gems/ruby-2.1.0/specifications/activemodel-4.1.1.gemspec
I, [2014-08-30T20:25:17.986520 #1804]  INFO -- : 0:  arel (5.0.1.20140414130214) from /Users/ngiovacchini/.rvm/gems/ruby-2.1.0/specifications/arel-5.0.1.20140414130214.gemspec
I, [2014-08-30T20:25:17.987148 #1804]  INFO -- : 0:  activerecord (4.1.1) from /Users/ngiovacchini/.rvm/gems/ruby-2.1.0/specifications/activerecord-4.1.1.gemspec
I, [2014-08-30T20:25:17.987714 #1804]  INFO -- : 0:  backports (3.6.0) from /Users/ngiovacchini/.rvm/gems/ruby-2.1.0/specifications/backports-3.6.0.gemspec
I, [2014-08-30T20:25:17.988301 #1804]  INFO -- : 0:  bcrypt (3.1.7) from /Users/ngiovacchini/.rvm/gems/ruby-2.1.0/specifications/bcrypt-3.1.7.gemspec
I, [2014-08-30T20:25:17.988693 #1804]  INFO -- : 0:  bcrypt-ruby (3.1.5) from /Users/ngiovacchini/.rvm/gems/ruby-2.1.0/specifications/bcrypt-ruby-3.1.5.gemspec
I, [2014-08-30T20:25:17.989114 #1804]  INFO -- : 0:  coderay (1.1.0) from /Users/ngiovacchini/.rvm/gems/ruby-2.1.0@global/specifications/coderay-1.1.0.gemspec
I, [2014-08-30T20:25:17.989714 #1804]  INFO -- : 0:  daemons (1.1.9) from /Users/ngiovacchini/.rvm/gems/ruby-2.1.0/specifications/daemons-1.1.9.gemspec
I, [2014-08-30T20:25:17.990260 #1804]  INFO -- : 0:  diff-lcs (1.2.5) from /Users/ngiovacchini/.rvm/gems/ruby-2.1.0/specifications/diff-lcs-1.2.5.gemspec
I, [2014-08-30T20:25:17.990770 #1804]  INFO -- : 0:  eventmachine (1.0.3) from /Users/ngiovacchini/.rvm/gems/ruby-2.1.0/specifications/eventmachine-1.0.3.gemspec
I, [2014-08-30T20:25:17.991286 #1804]  INFO -- : 0:  factory_girl (4.4.0) from /Users/ngiovacchini/.rvm/gems/ruby-2.1.0/specifications/factory_girl-4.4.0.gemspec
I, [2014-08-30T20:25:17.991812 #1804]  INFO -- : 0:  faker (1.3.0) from /Users/ngiovacchini/.rvm/gems/ruby-2.1.0/specifications/faker-1.3.0.gemspec
I, [2014-08-30T20:25:17.992333 #1804]  INFO -- : 0:  method_source (0.8.2) from /Users/ngiovacchini/.rvm/gems/ruby-2.1.0@global/specifications/method_source-0.8.2.gemspec
I, [2014-08-30T20:25:17.992881 #1804]  INFO -- : 0:  multi_json (1.10.1) from /Users/ngiovacchini/.rvm/gems/ruby-2.1.0/specifications/multi_json-1.10.1.gemspec
I, [2014-08-30T20:25:17.993400 #1804]  INFO -- : 0:  pg (0.17.1) from /Users/ngiovacchini/.rvm/gems/ruby-2.1.0/specifications/pg-0.17.1.gemspec
I, [2014-08-30T20:25:19.790592 #1804]  INFO -- : 0:  slop (3.6.0) from /Users/ngiovacchini/.rvm/gems/ruby-2.1.0/specifications/slop-3.6.0.gemspec
I, [2014-08-30T20:25:22.194518 #1804]  INFO -- : 0:  pry (0.10.0) from /Users/ngiovacchini/.rvm/gems/ruby-2.1.0/specifications/pry-0.10.0.gemspec
I, [2014-08-30T20:25:22.195166 #1804]  INFO -- : 0:  rack (1.5.2) from /Users/ngiovacchini/.rvm/gems/ruby-2.1.0/specifications/rack-1.5.2.gemspec
I, [2014-08-30T20:25:22.195585 #1804]  INFO -- : 0:  rack-protection (1.5.3) from /Users/ngiovacchini/.rvm/gems/ruby-2.1.0@global/specifications/rack-protection-1.5.3.gemspec
I, [2014-08-30T20:25:22.196075 #1804]  INFO -- : 0:  rack-test (0.6.2) from /Users/ngiovacchini/.rvm/gems/ruby-2.1.0/specifications/rack-test-0.6.2.gemspec
I, [2014-08-30T20:25:22.196482 #1804]  INFO -- : 0:  rspec-core (2.14.8) from /Users/ngiovacchini/.rvm/gems/ruby-2.1.0/specifications/rspec-core-2.14.8.gemspec
I, [2014-08-30T20:25:22.196900 #1804]  INFO -- : 0:  rspec-expectations (2.14.5) from /Users/ngiovacchini/.rvm/gems/ruby-2.1.0/specifications/rspec-expectations-2.14.5.gemspec
I, [2014-08-30T20:25:22.197297 #1804]  INFO -- : 0:  rspec-mocks (2.14.6) from /Users/ngiovacchini/.rvm/gems/ruby-2.1.0/specifications/rspec-mocks-2.14.6.gemspec
I, [2014-08-30T20:25:22.197688 #1804]  INFO -- : 0:  rspec (2.14.1) from /Users/ngiovacchini/.rvm/gems/ruby-2.1.0/specifications/rspec-2.14.1.gemspec
I, [2014-08-30T20:25:22.198076 #1804]  INFO -- : 0:  shotgun (0.9) from /Users/ngiovacchini/.rvm/gems/ruby-2.1.0/specifications/shotgun-0.9.gemspec
I, [2014-08-30T20:25:22.198446 #1804]  INFO -- : 0:  shoulda-matchers (2.6.1) from /Users/ngiovacchini/.rvm/gems/ruby-2.1.0/specifications/shoulda-matchers-2.6.1.gemspec
I, [2014-08-30T20:25:22.198807 #1804]  INFO -- : 0:  tilt (1.4.1) from /Users/ngiovacchini/.rvm/gems/ruby-2.1.0/specifications/tilt-1.4.1.gemspec
I, [2014-08-30T20:25:22.199188 #1804]  INFO -- : 0:  sinatra (1.4.5) from /Users/ngiovacchini/.rvm/gems/ruby-2.1.0/specifications/sinatra-1.4.5.gemspec
I, [2014-08-30T20:25:22.199597 #1804]  INFO -- : 0:  sinatra-contrib (1.4.2) from /Users/ngiovacchini/.rvm/gems/ruby-2.1.0/specifications/sinatra-contrib-1.4.2.gemspec
I, [2014-08-30T20:25:22.199997 #1804]  INFO -- : 0:  thin (1.6.2) from /Users/ngiovacchini/.rvm/gems/ruby-2.1.0/specifications/thin-1.6.2.gemspec
I, [2014-08-30T20:25:22.200462 #1804]  INFO -- : 0:  bundler (1.5.1) from /Users/ngiovacchini/.rvm/gems/ruby-2.1.0@global/specifications/bundler-1.5.1.gemspec
